#-----------------------------------------------------------
# Vivado v2018.2 (64-bit)
# SW Build 2258646 on Thu Jun 14 20:02:38 MDT 2018
# IP Build 2256618 on Thu Jun 14 22:10:49 MDT 2018
# Start of session at: Mon Nov 19 14:14:19 2018
# Process ID: 12602
# Current directory: /home/mghorbani/workspace/kf_prj/kf-hls-work/proj/tb-kf-hls/top
# Command line: vivado
# Log file: /home/mghorbani/workspace/kf_prj/kf-hls-work/proj/tb-kf-hls/top/vivado.log
# Journal file: /home/mghorbani/workspace/kf_prj/kf-hls-work/proj/tb-kf-hls/top/vivado.jou
#-----------------------------------------------------------
start_gui
open_project /home/mghorbani/workspace/kf_prj/kf-hls-work/proj/tb-kf-hls/top/top.xpr
Scanning sources...
Finished scanning sources
INFO: [IP_Flow 19-234] Refreshing IP repositories
INFO: [IP_Flow 19-1700] Loaded user IP repository '/home/mghorbani/workspace/kf_prj/kf-hls-work/src/kf/updater/firmware/cgn/HLS_IP_320MHz_KU115'.
INFO: [IP_Flow 19-2313] Loaded Vivado IP repository '/home/mghorbani/Xilinx/Vivado/2018.2/data/ip'.
open_project: Time (s): cpu = 00:00:16 ; elapsed = 00:00:16 . Memory (MB): peak = 6609.387 ; gain = 448.602 ; free physical = 664 ; free virtual = 11487
exit
INFO: [Common 17-206] Exiting Vivado at Mon Nov 19 14:16:07 2018...
