
*** Running vivado
    with args -log blk_mem_gen_2.vds -m64 -product Vivado -mode batch -messageDb vivado.pb -notrace -source blk_mem_gen_2.tcl


****** Vivado v2018.2 (64-bit)
  **** SW Build 2258646 on Thu Jun 14 20:02:38 MDT 2018
  **** IP Build 2256618 on Thu Jun 14 22:10:49 MDT 2018
    ** Copyright 1986-2018 Xilinx, Inc. All Rights Reserved.

source blk_mem_gen_2.tcl -notrace
Command: synth_design -top blk_mem_gen_2 -part xcku115-flvb1760-2-e -mode out_of_context
Starting synth_design
Attempting to get a license for feature 'Synthesis' and/or device 'xcku115'
INFO: [Common 17-349] Got license for feature 'Synthesis' and/or device 'xcku115'
INFO: Launching helper process for spawning children vivado processes
INFO: Helper process launched with PID 16981 
---------------------------------------------------------------------------------
Starting RTL Elaboration : Time (s): cpu = 00:00:12 ; elapsed = 00:00:52 . Memory (MB): peak = 1766.926 ; gain = 0.000 ; free physical = 1616 ; free virtual = 10369
---------------------------------------------------------------------------------
INFO: [Synth 8-638] synthesizing module 'blk_mem_gen_2' [/home/mghorbani/workspace/kf_prj/kf-hls-work/proj/kf-hls/top/top.srcs/sources_1/ip/blk_mem_gen_2/synth/blk_mem_gen_2.vhd:72]
	Parameter C_FAMILY bound to: kintexu - type: string 
	Parameter C_XDEVICEFAMILY bound to: kintexu - type: string 
	Parameter C_ELABORATION_DIR bound to: ./ - type: string 
	Parameter C_INTERFACE_TYPE bound to: 0 - type: integer 
	Parameter C_AXI_TYPE bound to: 1 - type: integer 
	Parameter C_AXI_SLAVE_TYPE bound to: 0 - type: integer 
	Parameter C_USE_BRAM_BLOCK bound to: 0 - type: integer 
	Parameter C_ENABLE_32BIT_ADDRESS bound to: 0 - type: integer 
	Parameter C_CTRL_ECC_ALGO bound to: NONE - type: string 
	Parameter C_HAS_AXI_ID bound to: 0 - type: integer 
	Parameter C_AXI_ID_WIDTH bound to: 4 - type: integer 
	Parameter C_MEM_TYPE bound to: 1 - type: integer 
	Parameter C_BYTE_SIZE bound to: 9 - type: integer 
	Parameter C_ALGORITHM bound to: 1 - type: integer 
	Parameter C_PRIM_TYPE bound to: 1 - type: integer 
	Parameter C_LOAD_INIT_FILE bound to: 0 - type: integer 
	Parameter C_INIT_FILE_NAME bound to: no_coe_file_loaded - type: string 
	Parameter C_INIT_FILE bound to: blk_mem_gen_2.mem - type: string 
	Parameter C_USE_DEFAULT_DATA bound to: 0 - type: integer 
	Parameter C_DEFAULT_DATA bound to: 0 - type: string 
	Parameter C_HAS_RSTA bound to: 0 - type: integer 
	Parameter C_RST_PRIORITY_A bound to: CE - type: string 
	Parameter C_RSTRAM_A bound to: 0 - type: integer 
	Parameter C_INITA_VAL bound to: 0 - type: string 
	Parameter C_HAS_ENA bound to: 1 - type: integer 
	Parameter C_HAS_REGCEA bound to: 0 - type: integer 
	Parameter C_USE_BYTE_WEA bound to: 0 - type: integer 
	Parameter C_WEA_WIDTH bound to: 1 - type: integer 
	Parameter C_WRITE_MODE_A bound to: NO_CHANGE - type: string 
	Parameter C_WRITE_WIDTH_A bound to: 64 - type: integer 
	Parameter C_READ_WIDTH_A bound to: 64 - type: integer 
	Parameter C_WRITE_DEPTH_A bound to: 1024 - type: integer 
	Parameter C_READ_DEPTH_A bound to: 1024 - type: integer 
	Parameter C_ADDRA_WIDTH bound to: 10 - type: integer 
	Parameter C_HAS_RSTB bound to: 0 - type: integer 
	Parameter C_RST_PRIORITY_B bound to: CE - type: string 
	Parameter C_RSTRAM_B bound to: 0 - type: integer 
	Parameter C_INITB_VAL bound to: 0 - type: string 
	Parameter C_HAS_ENB bound to: 0 - type: integer 
	Parameter C_HAS_REGCEB bound to: 0 - type: integer 
	Parameter C_USE_BYTE_WEB bound to: 0 - type: integer 
	Parameter C_WEB_WIDTH bound to: 1 - type: integer 
	Parameter C_WRITE_MODE_B bound to: WRITE_FIRST - type: string 
	Parameter C_WRITE_WIDTH_B bound to: 32 - type: integer 
	Parameter C_READ_WIDTH_B bound to: 32 - type: integer 
	Parameter C_WRITE_DEPTH_B bound to: 2048 - type: integer 
	Parameter C_READ_DEPTH_B bound to: 2048 - type: integer 
	Parameter C_ADDRB_WIDTH bound to: 11 - type: integer 
	Parameter C_HAS_MEM_OUTPUT_REGS_A bound to: 0 - type: integer 
	Parameter C_HAS_MEM_OUTPUT_REGS_B bound to: 0 - type: integer 
	Parameter C_HAS_MUX_OUTPUT_REGS_A bound to: 0 - type: integer 
	Parameter C_HAS_MUX_OUTPUT_REGS_B bound to: 0 - type: integer 
	Parameter C_MUX_PIPELINE_STAGES bound to: 0 - type: integer 
	Parameter C_HAS_SOFTECC_INPUT_REGS_A bound to: 0 - type: integer 
	Parameter C_HAS_SOFTECC_OUTPUT_REGS_B bound to: 0 - type: integer 
	Parameter C_USE_SOFTECC bound to: 0 - type: integer 
	Parameter C_USE_ECC bound to: 0 - type: integer 
	Parameter C_EN_ECC_PIPE bound to: 0 - type: integer 
	Parameter C_HAS_INJECTERR bound to: 0 - type: integer 
	Parameter C_SIM_COLLISION_CHECK bound to: ALL - type: string 
	Parameter C_COMMON_CLK bound to: 0 - type: integer 
	Parameter C_DISABLE_WARN_BHV_COLL bound to: 0 - type: integer 
	Parameter C_EN_SLEEP_PIN bound to: 0 - type: integer 
	Parameter C_USE_URAM bound to: 0 - type: integer 
	Parameter C_EN_RDADDRA_CHG bound to: 0 - type: integer 
	Parameter C_EN_RDADDRB_CHG bound to: 0 - type: integer 
	Parameter C_EN_DEEPSLEEP_PIN bound to: 0 - type: integer 
	Parameter C_EN_SHUTDOWN_PIN bound to: 0 - type: integer 
	Parameter C_EN_SAFETY_CKT bound to: 0 - type: integer 
	Parameter C_DISABLE_WARN_BHV_RANGE bound to: 0 - type: integer 
	Parameter C_COUNT_36K_BRAM bound to: 2 - type: string 
	Parameter C_COUNT_18K_BRAM bound to: 0 - type: string 
	Parameter C_EST_POWER_SUMMARY bound to: Estimated Power for IP     :     9.777574 mW - type: string 
INFO: [Synth 8-3491] module 'blk_mem_gen_v8_4_1' declared at '/home/mghorbani/workspace/kf_prj/kf-hls-work/proj/kf-hls/top/top.srcs/sources_1/ip/blk_mem_gen_2/hdl/blk_mem_gen_v8_4_vhsyn_rfs.vhd:195313' bound to instance 'U0' of component 'blk_mem_gen_v8_4_1' [/home/mghorbani/workspace/kf_prj/kf-hls-work/proj/kf-hls/top/top.srcs/sources_1/ip/blk_mem_gen_2/synth/blk_mem_gen_2.vhd:239]
INFO: [Synth 8-256] done synthesizing module 'blk_mem_gen_2' (9#1) [/home/mghorbani/workspace/kf_prj/kf-hls-work/proj/kf-hls/top/top.srcs/sources_1/ip/blk_mem_gen_2/synth/blk_mem_gen_2.vhd:72]
WARNING: [Synth 8-3331] design blk_mem_gen_prim_wrapper__parameterized0 has unconnected port SSRA
WARNING: [Synth 8-3331] design blk_mem_gen_prim_wrapper__parameterized0 has unconnected port REGCEA
WARNING: [Synth 8-3331] design blk_mem_gen_prim_wrapper__parameterized0 has unconnected port SSRB
WARNING: [Synth 8-3331] design blk_mem_gen_prim_wrapper__parameterized0 has unconnected port WEB[0]
WARNING: [Synth 8-3331] design blk_mem_gen_prim_wrapper__parameterized0 has unconnected port DINB[17]
WARNING: [Synth 8-3331] design blk_mem_gen_prim_wrapper__parameterized0 has unconnected port DINB[16]
WARNING: [Synth 8-3331] design blk_mem_gen_prim_wrapper__parameterized0 has unconnected port DINB[15]
WARNING: [Synth 8-3331] design blk_mem_gen_prim_wrapper__parameterized0 has unconnected port DINB[14]
WARNING: [Synth 8-3331] design blk_mem_gen_prim_wrapper__parameterized0 has unconnected port DINB[13]
WARNING: [Synth 8-3331] design blk_mem_gen_prim_wrapper__parameterized0 has unconnected port DINB[12]
WARNING: [Synth 8-3331] design blk_mem_gen_prim_wrapper__parameterized0 has unconnected port DINB[11]
WARNING: [Synth 8-3331] design blk_mem_gen_prim_wrapper__parameterized0 has unconnected port DINB[10]
WARNING: [Synth 8-3331] design blk_mem_gen_prim_wrapper__parameterized0 has unconnected port DINB[9]
WARNING: [Synth 8-3331] design blk_mem_gen_prim_wrapper__parameterized0 has unconnected port DINB[8]
WARNING: [Synth 8-3331] design blk_mem_gen_prim_wrapper__parameterized0 has unconnected port DINB[7]
WARNING: [Synth 8-3331] design blk_mem_gen_prim_wrapper__parameterized0 has unconnected port DINB[6]
WARNING: [Synth 8-3331] design blk_mem_gen_prim_wrapper__parameterized0 has unconnected port DINB[5]
WARNING: [Synth 8-3331] design blk_mem_gen_prim_wrapper__parameterized0 has unconnected port DINB[4]
WARNING: [Synth 8-3331] design blk_mem_gen_prim_wrapper__parameterized0 has unconnected port DINB[3]
WARNING: [Synth 8-3331] design blk_mem_gen_prim_wrapper__parameterized0 has unconnected port DINB[2]
WARNING: [Synth 8-3331] design blk_mem_gen_prim_wrapper__parameterized0 has unconnected port DINB[1]
WARNING: [Synth 8-3331] design blk_mem_gen_prim_wrapper__parameterized0 has unconnected port DINB[0]
WARNING: [Synth 8-3331] design blk_mem_gen_prim_wrapper__parameterized0 has unconnected port INJECTSBITERR
WARNING: [Synth 8-3331] design blk_mem_gen_prim_wrapper__parameterized0 has unconnected port INJECTDBITERR
WARNING: [Synth 8-3331] design blk_mem_gen_prim_wrapper__parameterized0 has unconnected port ECCPIPECE
WARNING: [Synth 8-3331] design blk_mem_gen_prim_wrapper has unconnected port SSRA
WARNING: [Synth 8-3331] design blk_mem_gen_prim_wrapper has unconnected port REGCEA
WARNING: [Synth 8-3331] design blk_mem_gen_prim_wrapper has unconnected port SSRB
WARNING: [Synth 8-3331] design blk_mem_gen_prim_wrapper has unconnected port WEB[0]
WARNING: [Synth 8-3331] design blk_mem_gen_prim_wrapper has unconnected port DINB[17]
WARNING: [Synth 8-3331] design blk_mem_gen_prim_wrapper has unconnected port DINB[16]
WARNING: [Synth 8-3331] design blk_mem_gen_prim_wrapper has unconnected port DINB[15]
WARNING: [Synth 8-3331] design blk_mem_gen_prim_wrapper has unconnected port DINB[14]
WARNING: [Synth 8-3331] design blk_mem_gen_prim_wrapper has unconnected port DINB[13]
WARNING: [Synth 8-3331] design blk_mem_gen_prim_wrapper has unconnected port DINB[12]
WARNING: [Synth 8-3331] design blk_mem_gen_prim_wrapper has unconnected port DINB[11]
WARNING: [Synth 8-3331] design blk_mem_gen_prim_wrapper has unconnected port DINB[10]
WARNING: [Synth 8-3331] design blk_mem_gen_prim_wrapper has unconnected port DINB[9]
WARNING: [Synth 8-3331] design blk_mem_gen_prim_wrapper has unconnected port DINB[8]
WARNING: [Synth 8-3331] design blk_mem_gen_prim_wrapper has unconnected port DINB[7]
WARNING: [Synth 8-3331] design blk_mem_gen_prim_wrapper has unconnected port DINB[6]
WARNING: [Synth 8-3331] design blk_mem_gen_prim_wrapper has unconnected port DINB[5]
WARNING: [Synth 8-3331] design blk_mem_gen_prim_wrapper has unconnected port DINB[4]
WARNING: [Synth 8-3331] design blk_mem_gen_prim_wrapper has unconnected port DINB[3]
WARNING: [Synth 8-3331] design blk_mem_gen_prim_wrapper has unconnected port DINB[2]
WARNING: [Synth 8-3331] design blk_mem_gen_prim_wrapper has unconnected port DINB[1]
WARNING: [Synth 8-3331] design blk_mem_gen_prim_wrapper has unconnected port DINB[0]
WARNING: [Synth 8-3331] design blk_mem_gen_prim_wrapper has unconnected port INJECTSBITERR
WARNING: [Synth 8-3331] design blk_mem_gen_prim_wrapper has unconnected port INJECTDBITERR
WARNING: [Synth 8-3331] design blk_mem_gen_prim_wrapper has unconnected port ECCPIPECE
WARNING: [Synth 8-3331] design blk_mem_gen_generic_cstr has unconnected port REGCEA[0]
WARNING: [Synth 8-3331] design blk_mem_gen_generic_cstr has unconnected port WEA[7]
WARNING: [Synth 8-3331] design blk_mem_gen_generic_cstr has unconnected port WEA[6]
WARNING: [Synth 8-3331] design blk_mem_gen_generic_cstr has unconnected port WEA[5]
WARNING: [Synth 8-3331] design blk_mem_gen_generic_cstr has unconnected port WEA[4]
WARNING: [Synth 8-3331] design blk_mem_gen_generic_cstr has unconnected port WEA[3]
WARNING: [Synth 8-3331] design blk_mem_gen_generic_cstr has unconnected port WEA[2]
WARNING: [Synth 8-3331] design blk_mem_gen_generic_cstr has unconnected port WEA[1]
WARNING: [Synth 8-3331] design blk_mem_gen_generic_cstr has unconnected port REGCEB[0]
WARNING: [Synth 8-3331] design blk_mem_gen_generic_cstr has unconnected port WEB[3]
WARNING: [Synth 8-3331] design blk_mem_gen_generic_cstr has unconnected port WEB[2]
WARNING: [Synth 8-3331] design blk_mem_gen_generic_cstr has unconnected port WEB[1]
WARNING: [Synth 8-3331] design blk_mem_gen_generic_cstr has unconnected port INJECTSBITERR
WARNING: [Synth 8-3331] design blk_mem_gen_generic_cstr has unconnected port INJECTDBITERR
WARNING: [Synth 8-3331] design blk_mem_output_block has unconnected port CLKB
WARNING: [Synth 8-3331] design blk_mem_output_block has unconnected port DOUTA_I[63]
WARNING: [Synth 8-3331] design blk_mem_output_block has unconnected port DOUTA_I[62]
WARNING: [Synth 8-3331] design blk_mem_output_block has unconnected port DOUTA_I[61]
WARNING: [Synth 8-3331] design blk_mem_output_block has unconnected port DOUTA_I[60]
WARNING: [Synth 8-3331] design blk_mem_output_block has unconnected port DOUTA_I[59]
WARNING: [Synth 8-3331] design blk_mem_output_block has unconnected port DOUTA_I[58]
WARNING: [Synth 8-3331] design blk_mem_output_block has unconnected port DOUTA_I[57]
WARNING: [Synth 8-3331] design blk_mem_output_block has unconnected port DOUTA_I[56]
WARNING: [Synth 8-3331] design blk_mem_output_block has unconnected port DOUTA_I[55]
WARNING: [Synth 8-3331] design blk_mem_output_block has unconnected port DOUTA_I[54]
WARNING: [Synth 8-3331] design blk_mem_output_block has unconnected port DOUTA_I[53]
WARNING: [Synth 8-3331] design blk_mem_output_block has unconnected port DOUTA_I[52]
WARNING: [Synth 8-3331] design blk_mem_output_block has unconnected port DOUTA_I[51]
WARNING: [Synth 8-3331] design blk_mem_output_block has unconnected port DOUTA_I[50]
WARNING: [Synth 8-3331] design blk_mem_output_block has unconnected port DOUTA_I[49]
WARNING: [Synth 8-3331] design blk_mem_output_block has unconnected port DOUTA_I[48]
WARNING: [Synth 8-3331] design blk_mem_output_block has unconnected port DOUTA_I[47]
WARNING: [Synth 8-3331] design blk_mem_output_block has unconnected port DOUTA_I[46]
WARNING: [Synth 8-3331] design blk_mem_output_block has unconnected port DOUTA_I[45]
WARNING: [Synth 8-3331] design blk_mem_output_block has unconnected port DOUTA_I[44]
WARNING: [Synth 8-3331] design blk_mem_output_block has unconnected port DOUTA_I[43]
WARNING: [Synth 8-3331] design blk_mem_output_block has unconnected port DOUTA_I[42]
WARNING: [Synth 8-3331] design blk_mem_output_block has unconnected port DOUTA_I[41]
WARNING: [Synth 8-3331] design blk_mem_output_block has unconnected port DOUTA_I[40]
WARNING: [Synth 8-3331] design blk_mem_output_block has unconnected port DOUTA_I[39]
WARNING: [Synth 8-3331] design blk_mem_output_block has unconnected port DOUTA_I[38]
WARNING: [Synth 8-3331] design blk_mem_output_block has unconnected port DOUTA_I[37]
WARNING: [Synth 8-3331] design blk_mem_output_block has unconnected port DOUTA_I[36]
WARNING: [Synth 8-3331] design blk_mem_output_block has unconnected port DOUTA_I[35]
WARNING: [Synth 8-3331] design blk_mem_output_block has unconnected port DOUTA_I[34]
WARNING: [Synth 8-3331] design blk_mem_output_block has unconnected port DOUTA_I[33]
WARNING: [Synth 8-3331] design blk_mem_output_block has unconnected port DOUTA_I[32]
WARNING: [Synth 8-3331] design blk_mem_output_block has unconnected port DOUTA_I[31]
WARNING: [Synth 8-3331] design blk_mem_output_block has unconnected port DOUTA_I[30]
WARNING: [Synth 8-3331] design blk_mem_output_block has unconnected port DOUTA_I[29]
INFO: [Common 17-14] Message 'Synth 8-3331' appears 100 times and further instances of the messages will be disabled. Use the Tcl command set_msg_config to change the current settings.
---------------------------------------------------------------------------------
Finished RTL Elaboration : Time (s): cpu = 00:02:06 ; elapsed = 00:03:23 . Memory (MB): peak = 1766.930 ; gain = 0.004 ; free physical = 1333 ; free virtual = 10116
---------------------------------------------------------------------------------

Report Check Netlist: 
+------+------------------+-------+---------+-------+------------------+
|      |Item              |Errors |Warnings |Status |Description       |
+------+------------------+-------+---------+-------+------------------+
|1     |multi_driven_nets |      0|        0|Passed |Multi driven nets |
+------+------------------+-------+---------+-------+------------------+
---------------------------------------------------------------------------------
Start Handling Custom Attributes
---------------------------------------------------------------------------------
---------------------------------------------------------------------------------
Finished Handling Custom Attributes : Time (s): cpu = 00:02:06 ; elapsed = 00:03:23 . Memory (MB): peak = 1766.930 ; gain = 0.004 ; free physical = 1338 ; free virtual = 10120
---------------------------------------------------------------------------------
---------------------------------------------------------------------------------
Finished RTL Optimization Phase 1 : Time (s): cpu = 00:02:06 ; elapsed = 00:03:23 . Memory (MB): peak = 1766.930 ; gain = 0.004 ; free physical = 1338 ; free virtual = 10120
---------------------------------------------------------------------------------
INFO: [Device 21-403] Loading part xcku115-flvb1760-2-e
INFO: [Project 1-570] Preparing netlist for logic optimization

Processing XDC Constraints
Initializing timing engine
Parsing XDC File [/home/mghorbani/workspace/kf_prj/kf-hls-work/proj/kf-hls/top/top.srcs/sources_1/ip/blk_mem_gen_2/blk_mem_gen_2_ooc.xdc] for cell 'U0'
Finished Parsing XDC File [/home/mghorbani/workspace/kf_prj/kf-hls-work/proj/kf-hls/top/top.srcs/sources_1/ip/blk_mem_gen_2/blk_mem_gen_2_ooc.xdc] for cell 'U0'
Parsing XDC File [/home/mghorbani/workspace/kf_prj/kf-hls-work/proj/kf-hls/top/top.runs/blk_mem_gen_2_synth_1/dont_touch.xdc]
Finished Parsing XDC File [/home/mghorbani/workspace/kf_prj/kf-hls-work/proj/kf-hls/top/top.runs/blk_mem_gen_2_synth_1/dont_touch.xdc]
Completed Processing XDC Constraints

INFO: [Project 1-111] Unisim Transformation Summary:
No Unisim elements were transformed.

Constraint Validation Runtime : Time (s): cpu = 00:00:00.04 ; elapsed = 00:00:00.09 . Memory (MB): peak = 2083.699 ; gain = 0.004 ; free physical = 875 ; free virtual = 9661
---------------------------------------------------------------------------------
Finished Constraint Validation : Time (s): cpu = 00:02:31 ; elapsed = 00:05:05 . Memory (MB): peak = 2083.699 ; gain = 316.773 ; free physical = 939 ; free virtual = 9726
---------------------------------------------------------------------------------
---------------------------------------------------------------------------------
Start Loading Part and Timing Information
---------------------------------------------------------------------------------
Loading part: xcku115-flvb1760-2-e
---------------------------------------------------------------------------------
Finished Loading Part and Timing Information : Time (s): cpu = 00:02:31 ; elapsed = 00:05:05 . Memory (MB): peak = 2083.699 ; gain = 316.773 ; free physical = 939 ; free virtual = 9726
---------------------------------------------------------------------------------
---------------------------------------------------------------------------------
Start Applying 'set_property' XDC Constraints
---------------------------------------------------------------------------------
Applied set_property DONT_TOUCH = true for U0. (constraint file  /home/mghorbani/workspace/kf_prj/kf-hls-work/proj/kf-hls/top/top.runs/blk_mem_gen_2_synth_1/dont_touch.xdc, line 9).
---------------------------------------------------------------------------------
Finished applying 'set_property' XDC Constraints : Time (s): cpu = 00:02:32 ; elapsed = 00:05:05 . Memory (MB): peak = 2083.699 ; gain = 316.773 ; free physical = 939 ; free virtual = 9726
---------------------------------------------------------------------------------
---------------------------------------------------------------------------------
Finished RTL Optimization Phase 2 : Time (s): cpu = 00:02:32 ; elapsed = 00:05:06 . Memory (MB): peak = 2083.703 ; gain = 316.777 ; free physical = 940 ; free virtual = 9727
---------------------------------------------------------------------------------

Report RTL Partitions: 
+-+--------------+------------+----------+
| |RTL Partition |Replication |Instances |
+-+--------------+------------+----------+
+-+--------------+------------+----------+
---------------------------------------------------------------------------------
Start RTL Component Statistics 
---------------------------------------------------------------------------------
Detailed RTL Component Info : 
---------------------------------------------------------------------------------
Finished RTL Component Statistics 
---------------------------------------------------------------------------------
---------------------------------------------------------------------------------
Start RTL Hierarchical Component Statistics 
---------------------------------------------------------------------------------
Hierarchical RTL Component report 
---------------------------------------------------------------------------------
Finished RTL Hierarchical Component Statistics
---------------------------------------------------------------------------------
---------------------------------------------------------------------------------
Start Part Resource Summary
---------------------------------------------------------------------------------
Part Resources:
DSPs: 5520 (col length:120)
BRAMs: 4320 (col length: RAMB18 240 RAMB36 120)
---------------------------------------------------------------------------------
Finished Part Resource Summary
---------------------------------------------------------------------------------
---------------------------------------------------------------------------------
Start Cross Boundary and Area Optimization
---------------------------------------------------------------------------------
Warning: Parallel synthesis criteria is not met 
---------------------------------------------------------------------------------
Finished Cross Boundary and Area Optimization : Time (s): cpu = 00:02:33 ; elapsed = 00:05:07 . Memory (MB): peak = 2083.703 ; gain = 316.777 ; free physical = 934 ; free virtual = 9727
---------------------------------------------------------------------------------

Report RTL Partitions: 
+-+--------------+------------+----------+
| |RTL Partition |Replication |Instances |
+-+--------------+------------+----------+
+-+--------------+------------+----------+
---------------------------------------------------------------------------------
Start Applying XDC Timing Constraints
---------------------------------------------------------------------------------
---------------------------------------------------------------------------------
Finished Applying XDC Timing Constraints : Time (s): cpu = 00:02:57 ; elapsed = 00:06:51 . Memory (MB): peak = 2251.430 ; gain = 484.504 ; free physical = 140 ; free virtual = 8913
---------------------------------------------------------------------------------
---------------------------------------------------------------------------------
Start Timing Optimization
---------------------------------------------------------------------------------
---------------------------------------------------------------------------------
Finished Timing Optimization : Time (s): cpu = 00:02:57 ; elapsed = 00:06:51 . Memory (MB): peak = 2251.430 ; gain = 484.504 ; free physical = 140 ; free virtual = 8913
---------------------------------------------------------------------------------

Report RTL Partitions: 
+-+--------------+------------+----------+
| |RTL Partition |Replication |Instances |
+-+--------------+------------+----------+
+-+--------------+------------+----------+
---------------------------------------------------------------------------------
Start Technology Mapping
---------------------------------------------------------------------------------
---------------------------------------------------------------------------------
Finished Technology Mapping : Time (s): cpu = 00:02:57 ; elapsed = 00:06:51 . Memory (MB): peak = 2251.430 ; gain = 484.504 ; free physical = 140 ; free virtual = 8912
---------------------------------------------------------------------------------

Report RTL Partitions: 
+-+--------------+------------+----------+
| |RTL Partition |Replication |Instances |
+-+--------------+------------+----------+
+-+--------------+------------+----------+
---------------------------------------------------------------------------------
Start IO Insertion
---------------------------------------------------------------------------------
---------------------------------------------------------------------------------
Start Flattening Before IO Insertion
---------------------------------------------------------------------------------
---------------------------------------------------------------------------------
Finished Flattening Before IO Insertion
---------------------------------------------------------------------------------
---------------------------------------------------------------------------------
Start Final Netlist Cleanup
---------------------------------------------------------------------------------
---------------------------------------------------------------------------------
Finished Final Netlist Cleanup
---------------------------------------------------------------------------------
---------------------------------------------------------------------------------
Finished IO Insertion : Time (s): cpu = 00:02:58 ; elapsed = 00:06:52 . Memory (MB): peak = 2251.434 ; gain = 484.508 ; free physical = 137 ; free virtual = 8910
---------------------------------------------------------------------------------

Report Check Netlist: 
+------+------------------+-------+---------+-------+------------------+
|      |Item              |Errors |Warnings |Status |Description       |
+------+------------------+-------+---------+-------+------------------+
|1     |multi_driven_nets |      0|        0|Passed |Multi driven nets |
+------+------------------+-------+---------+-------+------------------+
---------------------------------------------------------------------------------
Start Renaming Generated Instances
---------------------------------------------------------------------------------
---------------------------------------------------------------------------------
Finished Renaming Generated Instances : Time (s): cpu = 00:02:58 ; elapsed = 00:06:52 . Memory (MB): peak = 2251.434 ; gain = 484.508 ; free physical = 137 ; free virtual = 8910
---------------------------------------------------------------------------------

Report RTL Partitions: 
+-+--------------+------------+----------+
| |RTL Partition |Replication |Instances |
+-+--------------+------------+----------+
+-+--------------+------------+----------+
---------------------------------------------------------------------------------
Start Rebuilding User Hierarchy
---------------------------------------------------------------------------------
---------------------------------------------------------------------------------
Finished Rebuilding User Hierarchy : Time (s): cpu = 00:02:58 ; elapsed = 00:06:52 . Memory (MB): peak = 2251.434 ; gain = 484.508 ; free physical = 137 ; free virtual = 8910
---------------------------------------------------------------------------------
---------------------------------------------------------------------------------
Start Renaming Generated Ports
---------------------------------------------------------------------------------
---------------------------------------------------------------------------------
Finished Renaming Generated Ports : Time (s): cpu = 00:02:58 ; elapsed = 00:06:52 . Memory (MB): peak = 2251.434 ; gain = 484.508 ; free physical = 137 ; free virtual = 8910
---------------------------------------------------------------------------------
---------------------------------------------------------------------------------
Start Handling Custom Attributes
---------------------------------------------------------------------------------
---------------------------------------------------------------------------------
Finished Handling Custom Attributes : Time (s): cpu = 00:02:58 ; elapsed = 00:06:52 . Memory (MB): peak = 2251.434 ; gain = 484.508 ; free physical = 137 ; free virtual = 8910
---------------------------------------------------------------------------------
---------------------------------------------------------------------------------
Start Renaming Generated Nets
---------------------------------------------------------------------------------
---------------------------------------------------------------------------------
Finished Renaming Generated Nets : Time (s): cpu = 00:02:58 ; elapsed = 00:06:52 . Memory (MB): peak = 2251.434 ; gain = 484.508 ; free physical = 137 ; free virtual = 8910
---------------------------------------------------------------------------------
---------------------------------------------------------------------------------
Start Writing Synthesis Report
---------------------------------------------------------------------------------

Report BlackBoxes: 
+-+--------------+----------+
| |BlackBox name |Instances |
+-+--------------+----------+
+-+--------------+----------+

Report Cell Usage: 
+------+---------+------+
|      |Cell     |Count |
+------+---------+------+
|1     |RAMB36E2 |     2|
+------+---------+------+

Report Instance Areas: 
+------+---------------------------------------------+-----------------------------------------+------+
|      |Instance                                     |Module                                   |Cells |
+------+---------------------------------------------+-----------------------------------------+------+
|1     |top                                          |                                         |     2|
|2     |  U0                                         |blk_mem_gen_v8_4_1                       |     2|
|3     |    inst_blk_mem_gen                         |blk_mem_gen_v8_4_1_synth                 |     2|
|4     |      \gnbram.gnativebmg.native_blk_mem_gen  |blk_mem_gen_top                          |     2|
|5     |        \valid.cstr                          |blk_mem_gen_generic_cstr                 |     2|
|6     |          \ramloop[0].ram.r                  |blk_mem_gen_prim_width                   |     1|
|7     |            \prim_noinit.ram                 |blk_mem_gen_prim_wrapper                 |     1|
|8     |          \ramloop[1].ram.r                  |blk_mem_gen_prim_width__parameterized0   |     1|
|9     |            \prim_noinit.ram                 |blk_mem_gen_prim_wrapper__parameterized0 |     1|
+------+---------------------------------------------+-----------------------------------------+------+
---------------------------------------------------------------------------------
Finished Writing Synthesis Report : Time (s): cpu = 00:02:58 ; elapsed = 00:06:52 . Memory (MB): peak = 2251.434 ; gain = 484.508 ; free physical = 137 ; free virtual = 8910
---------------------------------------------------------------------------------
Synthesis finished with 0 errors, 0 critical warnings and 216 warnings.
Synthesis Optimization Runtime : Time (s): cpu = 00:02:37 ; elapsed = 00:05:17 . Memory (MB): peak = 2251.434 ; gain = 167.738 ; free physical = 159 ; free virtual = 8932
Synthesis Optimization Complete : Time (s): cpu = 00:02:58 ; elapsed = 00:06:52 . Memory (MB): peak = 2251.438 ; gain = 484.508 ; free physical = 159 ; free virtual = 8932
INFO: [Project 1-571] Translating synthesized netlist
INFO: [Project 1-570] Preparing netlist for logic optimization
INFO: [Opt 31-138] Pushed 0 inverter(s) to 0 load pin(s).
INFO: [Project 1-111] Unisim Transformation Summary:
No Unisim elements were transformed.

INFO: [Common 17-83] Releasing license: Synthesis
13 Infos, 100 Warnings, 0 Critical Warnings and 0 Errors encountered.
synth_design completed successfully
synth_design: Time (s): cpu = 00:03:03 ; elapsed = 00:07:46 . Memory (MB): peak = 2300.180 ; gain = 545.383 ; free physical = 184 ; free virtual = 8928
WARNING: [Constraints 18-5210] No constraint will be written out.
INFO: [Common 17-1381] The checkpoint '/home/mghorbani/workspace/kf_prj/kf-hls-work/proj/kf-hls/top/top.runs/blk_mem_gen_2_synth_1/blk_mem_gen_2.dcp' has been generated.
INFO: [Coretcl 2-1482] Added synthesis output to IP cache for IP /home/mghorbani/workspace/kf_prj/kf-hls-work/proj/kf-hls/top/top.srcs/sources_1/ip/blk_mem_gen_2/blk_mem_gen_2.xci
INFO: [Coretcl 2-1174] Renamed 8 cell refs.
WARNING: [Constraints 18-5210] No constraint will be written out.
INFO: [Common 17-1381] The checkpoint '/home/mghorbani/workspace/kf_prj/kf-hls-work/proj/kf-hls/top/top.runs/blk_mem_gen_2_synth_1/blk_mem_gen_2.dcp' has been generated.
INFO: [runtcl-4] Executing : report_utilization -file blk_mem_gen_2_utilization_synth.rpt -pb blk_mem_gen_2_utilization_synth.pb
report_utilization: Time (s): cpu = 00:00:01 ; elapsed = 00:00:02 . Memory (MB): peak = 2304.188 ; gain = 0.000 ; free physical = 178 ; free virtual = 8923
INFO: [Common 17-206] Exiting Vivado at Mon Nov 19 14:53:00 2018...
