#-----------------------------------------------------------
# Vivado v2018.2 (64-bit)
# SW Build 2258646 on Thu Jun 14 20:02:38 MDT 2018
# IP Build 2256618 on Thu Jun 14 22:10:49 MDT 2018
# Start of session at: Mon Nov 19 13:58:17 2018
# Process ID: 11264
# Current directory: /home/mghorbani/workspace/kf_prj/kf-hls-work/proj/kf_hls
# Command line: vivado
# Log file: /home/mghorbani/workspace/kf_prj/kf-hls-work/proj/kf_hls/vivado.log
# Journal file: /home/mghorbani/workspace/kf_prj/kf-hls-work/proj/kf_hls/vivado.jou
#-----------------------------------------------------------
start_gui
open_project /home/mghorbani/Documents/vivado_projects/hls_projects/forMaziar/kf-hls-work/proj/tb-kf-hls/top/top.xpr
Scanning sources...
Finished scanning sources
INFO: [IP_Flow 19-234] Refreshing IP repositories
INFO: [IP_Flow 19-1700] Loaded user IP repository '/home/mghorbani/Documents/vivado_projects/hls_projects/forMaziar/kf-hls-work/src/kf/updater/firmware/cgn/HLS_IP_320MHz_KU115'.
INFO: [IP_Flow 19-2313] Loaded Vivado IP repository '/home/mghorbani/Xilinx/Vivado/2018.2/data/ip'.
open_project: Time (s): cpu = 00:00:26 ; elapsed = 00:00:25 . Memory (MB): peak = 6613.480 ; gain = 520.000 ; free physical = 768 ; free virtual = 11559
WARNING: [Vivado 12-3672] The is_managed property should only be queried on the file object representing this IP. Use the get_files command to access file objects.
WARNING: [Vivado 12-3670] The generate_synth_checkpoint property should only be queried on the file object representing this IP. Use the get_files command to access file objects.
WARNING: [Vivado 12-3672] The is_managed property should only be queried on the file object representing this IP. Use the get_files command to access file objects.
WARNING: [Vivado 12-3670] The generate_synth_checkpoint property should only be queried on the file object representing this IP. Use the get_files command to access file objects.
WARNING: [Vivado 12-3672] The is_managed property should only be queried on the file object representing this IP. Use the get_files command to access file objects.
WARNING: [Vivado 12-3670] The generate_synth_checkpoint property should only be queried on the file object representing this IP. Use the get_files command to access file objects.
WARNING: [Vivado 12-3672] The is_managed property should only be queried on the file object representing this IP. Use the get_files command to access file objects.
WARNING: [Vivado 12-3670] The generate_synth_checkpoint property should only be queried on the file object representing this IP. Use the get_files command to access file objects.
WARNING: [Vivado 12-3672] The is_managed property should only be queried on the file object representing this IP. Use the get_files command to access file objects.
WARNING: [Vivado 12-3670] The generate_synth_checkpoint property should only be queried on the file object representing this IP. Use the get_files command to access file objects.
exit
INFO: [Common 17-206] Exiting Vivado at Mon Nov 19 14:13:53 2018...
