#-----------------------------------------------------------
# Vivado v2018.2 (64-bit)
# SW Build 2258646 on Thu Jun 14 20:02:38 MDT 2018
# IP Build 2256618 on Thu Jun 14 22:10:49 MDT 2018
# Start of session at: Mon Nov 19 14:16:41 2018
# Process ID: 12904
# Current directory: /home/mghorbani/workspace/kf_prj/kf-hls-work/proj/kf_hls
# Command line: vivado
# Log file: /home/mghorbani/workspace/kf_prj/kf-hls-work/proj/kf_hls/vivado.log
# Journal file: /home/mghorbani/workspace/kf_prj/kf-hls-work/proj/kf_hls/vivado.jou
#-----------------------------------------------------------
start_gui
open_project /home/mghorbani/workspace/kf_prj/kf-hls-work/proj/kf-hls/top/top.xpr
Scanning sources...
Finished scanning sources
INFO: [IP_Flow 19-234] Refreshing IP repositories
INFO: [IP_Flow 19-1700] Loaded user IP repository '/home/mghorbani/workspace/kf_prj/kf-hls-work/src/kf/updater/firmware/cgn/HLS_IP_320MHz_KU115'.
INFO: [IP_Flow 19-2313] Loaded Vivado IP repository '/home/mghorbani/Xilinx/Vivado/2018.2/data/ip'.
open_project: Time (s): cpu = 00:00:30 ; elapsed = 00:00:29 . Memory (MB): peak = 6606.023 ; gain = 484.520 ; free physical = 882 ; free virtual = 11436
launch_runs synth_1 -jobs 2
INFO: [IP_Flow 19-1686] Generating 'Synthesis' target for IP 'KalmanUpdateHLS_IP'...
INFO: [IP_Flow 19-1686] Generating 'Synthesis' target for IP 'RAM_64x22'...
INFO: [IP_Flow 19-1686] Generating 'Synthesis' target for IP 'RAM_512x72'...
INFO: [IP_Flow 19-1686] Generating 'Synthesis' target for IP 'RAM_512x36'...
INFO: [IP_Flow 19-1686] Generating 'Synthesis' target for IP 'blk_mem_gen_2'...
INFO: [IP_Flow 19-1686] Generating 'Synthesis' target for IP 'blk_mem_gen_3'...
INFO: [IP_Flow 19-1686] Generating 'Synthesis' target for IP 'blk_mem_gen_0'...
INFO: [IP_Flow 19-1686] Generating 'Synthesis' target for IP 'axi_bram_ctrl_0'...
INFO: [IP_Flow 19-1686] Generating 'Synthesis' target for IP 'xdma_0'...
INFO: [IP_Flow 19-1686] Generating 'Implementation' target for IP 'xdma_0'...
WARNING: [IP_Flow 19-519] IP 'xdma_0_pcie3_ip' detected a language mismatch between 'VHDL Synthesis Wrapper' and 'Verilog Synthesis' output products. Please check with the IP provider to see if this is expected.
INFO: [Device 21-403] Loading part xcku115-flvb1760-2-e
[Mon Nov 19 14:31:07 2018] Launched KalmanUpdateHLS_IP_synth_1, RAM_64x22_synth_1, RAM_512x72_synth_1, RAM_512x36_synth_1, blk_mem_gen_2_synth_1, blk_mem_gen_3_synth_1, blk_mem_gen_0_synth_1, axi_bram_ctrl_0_synth_1, xdma_0_synth_1...
Run output will be captured here:
KalmanUpdateHLS_IP_synth_1: /home/mghorbani/workspace/kf_prj/kf-hls-work/proj/kf-hls/top/top.runs/KalmanUpdateHLS_IP_synth_1/runme.log
RAM_64x22_synth_1: /home/mghorbani/workspace/kf_prj/kf-hls-work/proj/kf-hls/top/top.runs/RAM_64x22_synth_1/runme.log
RAM_512x72_synth_1: /home/mghorbani/workspace/kf_prj/kf-hls-work/proj/kf-hls/top/top.runs/RAM_512x72_synth_1/runme.log
RAM_512x36_synth_1: /home/mghorbani/workspace/kf_prj/kf-hls-work/proj/kf-hls/top/top.runs/RAM_512x36_synth_1/runme.log
blk_mem_gen_2_synth_1: /home/mghorbani/workspace/kf_prj/kf-hls-work/proj/kf-hls/top/top.runs/blk_mem_gen_2_synth_1/runme.log
blk_mem_gen_3_synth_1: /home/mghorbani/workspace/kf_prj/kf-hls-work/proj/kf-hls/top/top.runs/blk_mem_gen_3_synth_1/runme.log
blk_mem_gen_0_synth_1: /home/mghorbani/workspace/kf_prj/kf-hls-work/proj/kf-hls/top/top.runs/blk_mem_gen_0_synth_1/runme.log
axi_bram_ctrl_0_synth_1: /home/mghorbani/workspace/kf_prj/kf-hls-work/proj/kf-hls/top/top.runs/axi_bram_ctrl_0_synth_1/runme.log
xdma_0_synth_1: /home/mghorbani/workspace/kf_prj/kf-hls-work/proj/kf-hls/top/top.runs/xdma_0_synth_1/runme.log
[Mon Nov 19 14:31:09 2018] Launched synth_1...
Run output will be captured here: /home/mghorbani/workspace/kf_prj/kf-hls-work/proj/kf-hls/top/top.runs/synth_1/runme.log
launch_runs: Time (s): cpu = 00:00:48 ; elapsed = 00:02:16 . Memory (MB): peak = 6935.508 ; gain = 228.438 ; free physical = 859 ; free virtual = 10376
exit
INFO: [Common 17-206] Exiting Vivado at Mon Nov 19 20:18:19 2018...
